This file contains any messages produced by compilers while
running configure, to aid debugging if configure makes a mistake.

It was created by onerng configure 1, which was
generated by GNU Autoconf 2.59.  Invocation command line was

  $ ./configure --build=x86_64-linux-gnu --prefix=/usr --includedir=${prefix}/include --mandir=${prefix}/share/man --infodir=${prefix}/share/info --sysconfdir=/etc --localstatedir=/var --disable-silent-rules --libexecdir=${prefix}/lib/onerng --disable-maintainer-mode --disable-dependency-tracking

## --------- ##
## Platform. ##
## --------- ##

hostname = rata
uname -m = x86_64
uname -r = 4.10.0-33-generic
uname -s = Linux
uname -v = #37-Ubuntu SMP Fri Aug 11 10:55:28 UTC 2017

/usr/bin/uname -p = unknown
/bin/uname -X     = unknown

/bin/arch              = unknown
/usr/bin/arch -k       = unknown
/usr/convex/getsysinfo = unknown
hostinfo               = unknown
/bin/machine           = unknown
/usr/bin/oslevel       = unknown
/bin/universe          = unknown

PATH: /usr/sbin
PATH: /usr/bin
PATH: /sbin
PATH: /bin
PATH: /usr/bin/X11


## ----------- ##
## Core tests. ##
## ----------- ##

configure:1331: checking for a BSD-compatible install
configure:1386: result: /usr/bin/install -c
configure:1397: checking whether build environment is sane
configure:1440: result: yes
configure:1505: checking for gawk
configure:1521: found /usr/bin/gawk
configure:1531: result: gawk
configure:1541: checking whether make sets $(MAKE)
configure:1561: result: yes
configure:1783: checking for pkg-config
configure:1801: found /usr/bin/pkg-config
configure:1813: result: /usr/bin/pkg-config
configure:1828: checking pkg-config is at least version 0.9.0
configure:1831: result: yes
configure:1885: checking for gcc
configure:1901: found /usr/bin/gcc
configure:1911: result: gcc
configure:2155: checking for C compiler version
configure:2158: gcc --version </dev/null >&5
gcc (Ubuntu 6.3.0-12ubuntu2) 6.3.0 20170406
Copyright (C) 2016 Free Software Foundation, Inc.
This is free software; see the source for copying conditions.  There is NO
warranty; not even for MERCHANTABILITY or FITNESS FOR A PARTICULAR PURPOSE.

configure:2161: $? = 0
configure:2163: gcc -v </dev/null >&5
Using built-in specs.
COLLECT_GCC=gcc
COLLECT_LTO_WRAPPER=/usr/lib/gcc/x86_64-linux-gnu/6/lto-wrapper
Target: x86_64-linux-gnu
Configured with: ../src/configure -v --with-pkgversion='Ubuntu 6.3.0-12ubuntu2' --with-bugurl=file:///usr/share/doc/gcc-6/README.Bugs --enable-languages=c,ada,c++,java,go,d,fortran,objc,obj-c++ --prefix=/usr --program-suffix=-6 --program-prefix=x86_64-linux-gnu- --enable-shared --enable-linker-build-id --libexecdir=/usr/lib --without-included-gettext --enable-threads=posix --libdir=/usr/lib --enable-nls --with-sysroot=/ --enable-clocale=gnu --enable-libstdcxx-debug --enable-libstdcxx-time=yes --with-default-libstdcxx-abi=new --enable-gnu-unique-object --disable-vtable-verify --enable-libmpx --enable-plugin --enable-default-pie --with-system-zlib --disable-browser-plugin --enable-java-awt=gtk --enable-gtk-cairo --with-java-home=/usr/lib/jvm/java-1.5.0-gcj-6-amd64/jre --enable-java-home --with-jvm-root-dir=/usr/lib/jvm/java-1.5.0-gcj-6-amd64 --with-jvm-jar-dir=/usr/lib/jvm-exports/java-1.5.0-gcj-6-amd64 --with-arch-directory=amd64 --with-ecj-jar=/usr/share/java/eclipse-ecj.jar --with-target-system-zlib --enable-objc-gc=auto --enable-multiarch --disable-werror --with-arch-32=i686 --with-abi=m64 --with-multilib-list=m32,m64,mx32 --enable-multilib --with-tune=generic --enable-checking=release --build=x86_64-linux-gnu --host=x86_64-linux-gnu --target=x86_64-linux-gnu
Thread model: posix
gcc version 6.3.0 20170406 (Ubuntu 6.3.0-12ubuntu2) 
configure:2166: $? = 0
configure:2168: gcc -V </dev/null >&5
gcc: error: unrecognized command line option '-V'
gcc: fatal error: no input files
compilation terminated.
configure:2171: $? = 1
configure:2194: checking for C compiler default output file name
configure:2197: gcc    conftest.c  >&5
configure:2200: $? = 0
configure:2246: result: a.out
configure:2251: checking whether the C compiler works
configure:2257: ./a.out
configure:2260: $? = 0
configure:2277: result: yes
configure:2284: checking whether we are cross compiling
configure:2286: result: no
configure:2289: checking for suffix of executables
configure:2291: gcc -o conftest    conftest.c  >&5
configure:2294: $? = 0
configure:2319: result: 
configure:2325: checking for suffix of object files
configure:2346: gcc -c   conftest.c >&5
configure:2349: $? = 0
configure:2371: result: o
configure:2375: checking whether we are using the GNU C compiler
configure:2399: gcc -c   conftest.c >&5
configure:2405: $? = 0
configure:2409: test -z 
			 || test ! -s conftest.err
configure:2412: $? = 0
configure:2415: test -s conftest.o
configure:2418: $? = 0
configure:2431: result: yes
configure:2437: checking whether gcc accepts -g
configure:2458: gcc -c -g  conftest.c >&5
configure:2464: $? = 0
configure:2468: test -z 
			 || test ! -s conftest.err
configure:2471: $? = 0
configure:2474: test -s conftest.o
configure:2477: $? = 0
configure:2488: result: yes
configure:2505: checking for gcc option to accept ANSI C
configure:2575: gcc  -c -g -O2  conftest.c >&5
configure:2581: $? = 0
configure:2585: test -z 
			 || test ! -s conftest.err
configure:2588: $? = 0
configure:2591: test -s conftest.o
configure:2594: $? = 0
configure:2612: result: none needed
configure:2630: gcc -c -g -O2  conftest.c >&5
conftest.c:2:3: error: unknown type name 'choke'
   choke me
   ^~~~~
conftest.c:2:3: error: expected '=', ',', ';', 'asm' or '__attribute__' at end of input
configure:2636: $? = 1
configure: failed program was:
| #ifndef __cplusplus
|   choke me
| #endif
configure:2780: checking for style of include used by make
configure:2808: result: GNU
configure:2836: checking dependency style of gcc
configure:2926: result: none
configure:3096: creating ./config.status

## ---------------------- ##
## Running config.status. ##
## ---------------------- ##

This file was extended by onerng config.status 1, which was
generated by GNU Autoconf 2.59.  Invocation command line was

  CONFIG_FILES    = 
  CONFIG_HEADERS  = 
  CONFIG_LINKS    = 
  CONFIG_COMMANDS = 
  $ ./config.status 

on rata

config.status:685: creating Makefile
config.status:685: creating files/Makefile
config.status:868: executing depfiles commands

## ---------------- ##
## Cache variables. ##
## ---------------- ##

ac_cv_c_compiler_gnu=yes
ac_cv_env_CC_set=
ac_cv_env_CC_value=
ac_cv_env_CFLAGS_set=
ac_cv_env_CFLAGS_value=
ac_cv_env_CPPFLAGS_set=
ac_cv_env_CPPFLAGS_value=
ac_cv_env_LDFLAGS_set=
ac_cv_env_LDFLAGS_value=
ac_cv_env_PKG_CONFIG_LIBDIR_set=
ac_cv_env_PKG_CONFIG_LIBDIR_value=
ac_cv_env_PKG_CONFIG_PATH_set=
ac_cv_env_PKG_CONFIG_PATH_value=
ac_cv_env_PKG_CONFIG_set=
ac_cv_env_PKG_CONFIG_value=
ac_cv_env_build_alias_set=set
ac_cv_env_build_alias_value=x86_64-linux-gnu
ac_cv_env_host_alias_set=
ac_cv_env_host_alias_value=
ac_cv_env_target_alias_set=
ac_cv_env_target_alias_value=
ac_cv_exeext=
ac_cv_objext=o
ac_cv_path_ac_pt_PKG_CONFIG=/usr/bin/pkg-config
ac_cv_path_install='/usr/bin/install -c'
ac_cv_prog_AWK=gawk
ac_cv_prog_ac_ct_CC=gcc
ac_cv_prog_cc_g=yes
ac_cv_prog_cc_stdc=
ac_cv_prog_make_make_set=yes
am_cv_CC_dependencies_compiler_type=none

## ----------------- ##
## Output variables. ##
## ----------------- ##

ACLOCAL='${SHELL} /disk/playa/rnd/docs/onerng_3.6/missing --run aclocal-1.9'
AMDEPBACKSLASH=''
AMDEP_FALSE=''
AMDEP_TRUE='#'
AMTAR='${SHELL} /disk/playa/rnd/docs/onerng_3.6/missing --run tar'
AUTOCONF='${SHELL} /disk/playa/rnd/docs/onerng_3.6/missing --run autoconf'
AUTOHEADER='${SHELL} /disk/playa/rnd/docs/onerng_3.6/missing --run autoheader'
AUTOMAKE='${SHELL} /disk/playa/rnd/docs/onerng_3.6/missing --run automake-1.9'
AWK='gawk'
CC='gcc'
CCDEPMODE='depmode=none'
CFLAGS='-g -O2'
CPPFLAGS=''
CYGPATH_W='echo'
DEFS='-DPACKAGE_NAME=\"onerng\" -DPACKAGE_TARNAME=\"onerng\" -DPACKAGE_VERSION=\"1\" -DPACKAGE_STRING=\"onerng\ 1\" -DPACKAGE_BUGREPORT=\"paul@taniwha.com\" -DPACKAGE=\"onerng\" -DVERSION=\"1\" '
DEPDIR='.deps'
ECHO_C=''
ECHO_N='-n'
ECHO_T=''
EXEEXT=''
INSTALL_DATA='${INSTALL} -m 644'
INSTALL_PROGRAM='${INSTALL}'
INSTALL_SCRIPT='${INSTALL}'
INSTALL_STRIP_PROGRAM='${SHELL} $(install_sh) -c -s'
LDFLAGS=''
LIBOBJS=''
LIBS=''
LTLIBOBJS=''
MAKEINFO='${SHELL} /disk/playa/rnd/docs/onerng_3.6/missing --run makeinfo'
OBJEXT='o'
PACKAGE='onerng'
PACKAGE_BUGREPORT='paul@taniwha.com'
PACKAGE_NAME='onerng'
PACKAGE_STRING='onerng 1'
PACKAGE_TARNAME='onerng'
PACKAGE_VERSION='1'
PATH_SEPARATOR=':'
PKG_CONFIG='/usr/bin/pkg-config'
PKG_CONFIG_LIBDIR=''
PKG_CONFIG_PATH=''
SET_MAKE=''
SHELL='/bin/bash'
STRIP=''
VERSION='1'
ac_ct_CC='gcc'
ac_ct_STRIP=''
ac_pt_PKG_CONFIG='/usr/bin/pkg-config'
am__fastdepCC_FALSE=''
am__fastdepCC_TRUE='#'
am__include='include'
am__leading_dot='.'
am__quote=''
am__tar='${AMTAR} chof - "$$tardir"'
am__untar='${AMTAR} xf -'
bindir='${exec_prefix}/bin'
build_alias='x86_64-linux-gnu'
datadir='${prefix}/share'
exec_prefix='${prefix}'
host_alias=''
includedir='${prefix}/include'
infodir='${prefix}/share/info'
install_sh='/disk/playa/rnd/docs/onerng_3.6/install-sh'
libdir='${exec_prefix}/lib'
libexecdir='${prefix}/lib/onerng'
localstatedir='/var'
mandir='${prefix}/share/man'
mkdir_p='mkdir -p --'
oldincludedir='/usr/include'
prefix='/usr'
program_transform_name='s,x,x,'
sbindir='${exec_prefix}/sbin'
sharedstatedir='${prefix}/com'
sysconfdir='/etc'
target_alias=''
udevrulesdir='/lib/udev/rules.d'

## ----------- ##
## confdefs.h. ##
## ----------- ##

#define PACKAGE "onerng"
#define PACKAGE_BUGREPORT "paul@taniwha.com"
#define PACKAGE_NAME "onerng"
#define PACKAGE_STRING "onerng 1"
#define PACKAGE_TARNAME "onerng"
#define PACKAGE_VERSION "1"
#define VERSION "1"

configure: exit 0
